{
  "stats": {
    "suites": 1,
    "tests": 3,
    "passes": 3,
    "pending": 0,
    "failures": 0,
    "start": "2021-08-26T02:14:51.545Z",
    "end": "2021-08-26T02:16:32.067Z",
    "duration": 100522,
    "testsRegistered": 3,
    "passPercent": 100,
    "pendingPercent": 0,
    "other": 0,
    "hasOther": false,
    "skipped": 0,
    "hasSkipped": false
  },
  "results": [
    {
      "uuid": "7f73c45d-5868-4e5e-8855-5d8d9b2af6ad",
      "title": "",
      "fullFile": "cypress/integration/2-advanced-examples/ubereats.spec.js",
      "file": "cypress/integration/2-advanced-examples/ubereats.spec.js",
      "beforeHooks": [],
      "afterHooks": [],
      "tests": [],
      "suites": [
        {
          "uuid": "e83568c7-7471-4ae9-b552-63f7ebd4a95c",
          "title": "UberEats_Test_Suite",
          "fullFile": "",
          "file": "",
          "beforeHooks": [],
          "afterHooks": [],
          "tests": [
            {
              "title": "navigation_homepage",
              "fullTitle": "UberEats_Test_Suite navigation_homepage",
              "timedOut": null,
              "duration": 59567,
              "state": "passed",
              "speed": "slow",
              "pass": true,
              "fail": false,
              "pending": false,
              "context": null,
              "code": "//TC_01\n_HomePage.default.loadHomePage();",
              "err": {},
              "uuid": "84df95b6-75e6-464e-992c-a36a3407a6df",
              "parentUUID": "e83568c7-7471-4ae9-b552-63f7ebd4a95c",
              "isHook": false,
              "skipped": false
            },
            {
              "title": "change_delivery_address",
              "fullTitle": "UberEats_Test_Suite change_delivery_address",
              "timedOut": null,
              "duration": 2950,
              "state": "passed",
              "speed": "slow",
              "pass": true,
              "fail": false,
              "pending": false,
              "context": null,
              "code": "//TC_02 and TC_03\n_HomePage.default.searchDeliveryAddress();",
              "err": {},
              "uuid": "1076b2f0-2f5b-4959-ae80-ee2165c6e9d6",
              "parentUUID": "e83568c7-7471-4ae9-b552-63f7ebd4a95c",
              "isHook": false,
              "skipped": false
            },
            {
              "title": "verify restaurant data",
              "fullTitle": "UberEats_Test_Suite verify restaurant data",
              "timedOut": null,
              "duration": 33269,
              "state": "passed",
              "speed": "slow",
              "pass": true,
              "fail": false,
              "pending": false,
              "context": null,
              "code": "//TC_04\n_HomePage.default.verifyRestaturants();",
              "err": {},
              "uuid": "25b0746b-e4ce-4d58-ab4d-9ccab9a244b8",
              "parentUUID": "e83568c7-7471-4ae9-b552-63f7ebd4a95c",
              "isHook": false,
              "skipped": false
            }
          ],
          "suites": [],
          "passes": [
            "84df95b6-75e6-464e-992c-a36a3407a6df",
            "1076b2f0-2f5b-4959-ae80-ee2165c6e9d6",
            "25b0746b-e4ce-4d58-ab4d-9ccab9a244b8"
          ],
          "failures": [],
          "pending": [],
          "skipped": [],
          "duration": 95786,
          "root": false,
          "rootEmpty": false,
          "_timeout": 2000
        }
      ],
      "passes": [],
      "failures": [],
      "pending": [],
      "skipped": [],
      "duration": 0,
      "root": true,
      "rootEmpty": true,
      "_timeout": 2000
    }
  ],
  "meta": {
    "mocha": {
      "version": "7.0.1"
    },
    "mochawesome": {
      "options": {
        "quiet": false,
        "reportFilename": "mochawesome",
        "saveHtml": true,
        "saveJson": true,
        "consoleReporter": "spec",
        "useInlineDiffs": false,
        "code": true
      },
      "version": "6.2.2"
    },
    "marge": {
      "options": null,
      "version": "5.2.0"
    }
  }
}